<?xml version="1.0" encoding="UTF-8"?>
<!-- Generated by org.testng.reporters.JUnitReportReporter -->
<testsuite skipped="0" hostname="Dell" name="gittest.GitTest" tests="1" failures="0" timestamp="19 Feb 2018 06:05:06 GMT" time="15.107" errors="0">
  <testcase name="logintest" time="15.107" classname="gittest.GitTest"/>
</testsuite> <!-- gittest.GitTest -->
