<?xml version="1.0" encoding="UTF-8"?>
<!-- Generated by org.testng.reporters.JUnitReportReporter -->
<testsuite name="gittest.GitTest" tests="1" time="19.123" ignored="0" failures="0" timestamp="19 Feb 2018 04:54:28 GMT" skipped="0" hostname="Dell" errors="0">
  <testcase name="logintest" time="19.123" classname="gittest.GitTest"/>
</testsuite> <!-- gittest.GitTest -->
